
**** Build of configuration Debug for project BUMP_COLOUR_CHANGE ****

"C:\\ti\\ccsv7\\utils\\bin\\gmake" -k -j 24 all -O 
 
'Building file: "C:/Users/r240019/Downloads/SC2107_LABFINAL-main/SC2107_LABFINAL-main/src/inc/Bump.c"'
'Invoking: MSP432 Compiler'
"C:/ti/ccsv7/tools/compiler/ti-cgt-arm_16.9.6.LTS/bin/armcl" -mv7M4 --code_state=16 --float_support=FPv4SPD16 -me --include_path="C:/ti/ccsv7/ccs_base/arm/include" --include_path="C:/ti/ccsv7/ccs_base/arm/include/CMSIS" --include_path="C:/Users/r240019/Downloads/SC2107_LABFINAL-main/BUMP_COLOUR_CHANGE" --include_path="C:/ti/ccsv7/tools/compiler/ti-cgt-arm_16.9.6.LTS/include" --advice:power=all --define=__MSP432P401R__ --define=ccs -g --c99 --gcc --diag_warning=225 --diag_wrap=off --display_error_number --abi=eabi --preproc_with_compile --preproc_dependency="Bump.d_raw"  "C:/Users/r240019/Downloads/SC2107_LABFINAL-main/SC2107_LABFINAL-main/src/inc/Bump.c"
"C:/Users/r240019/Downloads/SC2107_LABFINAL-main/SC2107_LABFINAL-main/src/inc/Bump.c", line 76: warning #225-D: function "Bump_Read" declared implicitly
"C:/Users/r240019/Downloads/SC2107_LABFINAL-main/SC2107_LABFINAL-main/src/inc/Bump.c", line 135: warning #161-D: declaration is incompatible with previous "Bump_Read" (declared at line 76)
"C:/Users/r240019/Downloads/SC2107_LABFINAL-main/SC2107_LABFINAL-main/src/inc/Bump.c", line 153: remark #2623-D: (ULP 5.4) Detected an assignment to a type with size less than int. To avoid unnecessary sign extension, use int-sized types for local varaibles and convert to smaller types for static storage.
"C:/Users/r240019/Downloads/SC2107_LABFINAL-main/SC2107_LABFINAL-main/src/inc/Bump.c", line 157: remark #2623-D: (ULP 5.4) Detected an assignment to a type with size less than int. To avoid unnecessary sign extension, use int-sized types for local varaibles and convert to smaller types for static storage.
"C:/Users/r240019/Downloads/SC2107_LABFINAL-main/SC2107_LABFINAL-main/src/inc/Bump.c", line 161: remark #2623-D: (ULP 5.4) Detected an assignment to a type with size less than int. To avoid unnecessary sign extension, use int-sized types for local varaibles and convert to smaller types for static storage.
"C:/Users/r240019/Downloads/SC2107_LABFINAL-main/SC2107_LABFINAL-main/src/inc/Bump.c", line 163: remark #2623-D: (ULP 5.4) Detected an assignment to a type with size less than int. To avoid unnecessary sign extension, use int-sized types for local varaibles and convert to smaller types for static storage.
"C:/Users/r240019/Downloads/SC2107_LABFINAL-main/SC2107_LABFINAL-main/src/inc/Bump.c", line 164: remark #2623-D: (ULP 5.4) Detected an assignment to a type with size less than int. To avoid unnecessary sign extension, use int-sized types for local varaibles and convert to smaller types for static storage.
'Finished building: "C:/Users/r240019/Downloads/SC2107_LABFINAL-main/SC2107_LABFINAL-main/src/inc/Bump.c"'
 
'Building target: "BUMP_COLOUR_CHANGE.out"'
'Invoking: MSP432 Linker'
"C:/ti/ccsv7/tools/compiler/ti-cgt-arm_16.9.6.LTS/bin/armcl" -mv7M4 --code_state=16 --float_support=FPv4SPD16 -me --advice:power=all --define=__MSP432P401R__ --define=ccs -g --c99 --gcc --diag_warning=225 --diag_wrap=off --display_error_number --abi=eabi -z -m"BUMP_COLOUR_CHANGE.map" --heap_size=1024 --stack_size=512 -i"C:/ti/ccsv7/ccs_base/arm/include" -i"C:/ti/ccsv7/tools/compiler/ti-cgt-arm_16.9.6.LTS/lib" -i"C:/ti/ccsv7/tools/compiler/ti-cgt-arm_16.9.6.LTS/include" --reread_libs --diag_wrap=off --display_error_number --warn_sections --xml_link_info="BUMP_COLOUR_CHANGE_linkInfo.xml" --rom_model -o "BUMP_COLOUR_CHANGE.out" "./Bump.obj" "./Clock.obj" "./CortexM.obj" "./Lab3_Sensorsmain.obj" "./LaunchPad.obj" "./Reflectance.obj" "./SysTickInts.obj" "./TExaS.obj" "./startup_msp432p401r_ccs.obj" "./system_msp432p401r.obj" "../msp432p401r.cmd"  -llibc.a 
<Linking>
remark #10371-D: (ULP 1.1) Detected no uses of low power mode state changing instructions
remark #10372-D: (ULP 4.1) Detected uninitialized Port 1 in this project. Recommend initializing all unused ports to eliminate wasted current consumption on unused pins.
remark #10372-D: (ULP 4.1) Detected uninitialized Port 2 in this project. Recommend initializing all unused ports to eliminate wasted current consumption on unused pins.
remark #10372-D: (ULP 4.1) Detected uninitialized Port 3 in this project. Recommend initializing all unused ports to eliminate wasted current consumption on unused pins.
remark #10372-D: (ULP 4.1) Detected uninitialized Port 4 in this project. Recommend initializing all unused ports to eliminate wasted current consumption on unused pins.
remark #10372-D: (ULP 4.1) Detected uninitialized Port 5 in this project. Recommend initializing all unused ports to eliminate wasted current consumption on unused pins.
remark #10372-D: (ULP 4.1) Detected uninitialized Port 6 in this project. Recommend initializing all unused ports to eliminate wasted current consumption on unused pins.
remark #10372-D: (ULP 4.1) Detected uninitialized Port 7 in this project. Recommend initializing all unused ports to eliminate wasted current consumption on unused pins.
remark #10372-D: (ULP 4.1) Detected uninitialized Port 8 in this project. Recommend initializing all unused ports to eliminate wasted current consumption on unused pins.
remark #10372-D: (ULP 4.1) Detected uninitialized Port 9 in this project. Recommend initializing all unused ports to eliminate wasted current consumption on unused pins.
remark #10372-D: (ULP 4.1) Detected uninitialized Port 10 in this project. Recommend initializing all unused ports to eliminate wasted current consumption on unused pins.
'Finished building target: "BUMP_COLOUR_CHANGE.out"'
 

**** Build Finished ****
