
**** Build of configuration Debug for project BUMP_AVOIDANCE ****

"C:\\ti\\ccsv7\\utils\\bin\\gmake" -k -j 24 all -O 
 
'Building file: "C:/Users/R240019/Downloads/SC2107_HARI_2310/SC2107_HARI/SC2107_HARI/endoflab1 (2)/endoflab1/RSLK-Max-CE2007Labs-students-01062022/CE2007/inc/Bump.c"'
'Invoking: MSP432 Compiler'
"C:/ti/ccsv7/tools/compiler/ti-cgt-arm_16.9.6.LTS/bin/armcl" -mv7M4 --code_state=16 --float_support=FPv4SPD16 -me --include_path="C:/ti/ccsv7/ccs_base/arm/include" --include_path="C:/ti/ccsv7/ccs_base/arm/include/CMSIS" --include_path="C:/Users/R240019/Downloads/SC2107_HARI_2310/SC2107_HARI/SC2107_HARI/endoflab1 (2)/endoflab1/RSLK-Max-CE2007Labs-students-01062022/CE2007/BUMP_AVOIDANCE" --include_path="C:/ti/ccsv7/tools/compiler/ti-cgt-arm_16.9.6.LTS/include" --advice:power=all --define=__MSP432P401R__ --define=ccs -g --c99 --gcc --diag_warning=225 --diag_wrap=off --display_error_number --abi=eabi --preproc_with_compile --preproc_dependency="Bump.d_raw"  "C:/Users/R240019/Downloads/SC2107_HARI_2310/SC2107_HARI/SC2107_HARI/endoflab1 (2)/endoflab1/RSLK-Max-CE2007Labs-students-01062022/CE2007/inc/Bump.c"
"C:/Users/R240019/Downloads/SC2107_HARI_2310/SC2107_HARI/SC2107_HARI/endoflab1 (2)/endoflab1/RSLK-Max-CE2007Labs-students-01062022/CE2007/inc/Bump.c", line 70: warning #225-D: function "Bump_Read" declared implicitly
"C:/Users/R240019/Downloads/SC2107_HARI_2310/SC2107_HARI/SC2107_HARI/endoflab1 (2)/endoflab1/RSLK-Max-CE2007Labs-students-01062022/CE2007/inc/Bump.c", line 83: warning #225-D: function "Clock_Delay1ms" declared implicitly
"C:/Users/R240019/Downloads/SC2107_HARI_2310/SC2107_HARI/SC2107_HARI/endoflab1 (2)/endoflab1/RSLK-Max-CE2007Labs-students-01062022/CE2007/inc/Bump.c", line 134: warning #161-D: declaration is incompatible with previous "Bump_Read" (declared at line 70)
"C:/Users/R240019/Downloads/SC2107_HARI_2310/SC2107_HARI/SC2107_HARI/endoflab1 (2)/endoflab1/RSLK-Max-CE2007Labs-students-01062022/CE2007/inc/Bump.c", line 148: remark #2623-D: (ULP 5.4) Detected an assignment to a type with size less than int. To avoid unnecessary sign extension, use int-sized types for local varaibles and convert to smaller types for static storage.
"C:/Users/R240019/Downloads/SC2107_HARI_2310/SC2107_HARI/SC2107_HARI/endoflab1 (2)/endoflab1/RSLK-Max-CE2007Labs-students-01062022/CE2007/inc/Bump.c", line 151: remark #2623-D: (ULP 5.4) Detected an assignment to a type with size less than int. To avoid unnecessary sign extension, use int-sized types for local varaibles and convert to smaller types for static storage.
"C:/Users/R240019/Downloads/SC2107_HARI_2310/SC2107_HARI/SC2107_HARI/endoflab1 (2)/endoflab1/RSLK-Max-CE2007Labs-students-01062022/CE2007/inc/Bump.c", line 155: remark #2623-D: (ULP 5.4) Detected an assignment to a type with size less than int. To avoid unnecessary sign extension, use int-sized types for local varaibles and convert to smaller types for static storage.
"C:/Users/R240019/Downloads/SC2107_HARI_2310/SC2107_HARI/SC2107_HARI/endoflab1 (2)/endoflab1/RSLK-Max-CE2007Labs-students-01062022/CE2007/inc/Bump.c", line 157: remark #2623-D: (ULP 5.4) Detected an assignment to a type with size less than int. To avoid unnecessary sign extension, use int-sized types for local varaibles and convert to smaller types for static storage.
"C:/Users/R240019/Downloads/SC2107_HARI_2310/SC2107_HARI/SC2107_HARI/endoflab1 (2)/endoflab1/RSLK-Max-CE2007Labs-students-01062022/CE2007/inc/Bump.c", line 158: remark #2623-D: (ULP 5.4) Detected an assignment to a type with size less than int. To avoid unnecessary sign extension, use int-sized types for local varaibles and convert to smaller types for static storage.
'Finished building: "C:/Users/R240019/Downloads/SC2107_HARI_2310/SC2107_HARI/SC2107_HARI/endoflab1 (2)/endoflab1/RSLK-Max-CE2007Labs-students-01062022/CE2007/inc/Bump.c"'
 
'Building file: "C:/Users/R240019/Downloads/SC2107_HARI_2310/SC2107_HARI/SC2107_HARI/endoflab1 (2)/endoflab1/RSLK-Max-CE2007Labs-students-01062022/CE2007/inc/Motor.c"'
'Invoking: MSP432 Compiler'
"C:/ti/ccsv7/tools/compiler/ti-cgt-arm_16.9.6.LTS/bin/armcl" -mv7M4 --code_state=16 --float_support=FPv4SPD16 -me --include_path="C:/ti/ccsv7/ccs_base/arm/include" --include_path="C:/ti/ccsv7/ccs_base/arm/include/CMSIS" --include_path="C:/Users/R240019/Downloads/SC2107_HARI_2310/SC2107_HARI/SC2107_HARI/endoflab1 (2)/endoflab1/RSLK-Max-CE2007Labs-students-01062022/CE2007/BUMP_AVOIDANCE" --include_path="C:/ti/ccsv7/tools/compiler/ti-cgt-arm_16.9.6.LTS/include" --advice:power=all --define=__MSP432P401R__ --define=ccs -g --c99 --gcc --diag_warning=225 --diag_wrap=off --display_error_number --abi=eabi --preproc_with_compile --preproc_dependency="Motor.d_raw"  "C:/Users/R240019/Downloads/SC2107_HARI_2310/SC2107_HARI/SC2107_HARI/endoflab1 (2)/endoflab1/RSLK-Max-CE2007Labs-students-01062022/CE2007/inc/Motor.c"
"C:/Users/R240019/Downloads/SC2107_HARI_2310/SC2107_HARI/SC2107_HARI/endoflab1 (2)/endoflab1/RSLK-Max-CE2007Labs-students-01062022/CE2007/inc/Motor.c", line 247 (col. 19): remark #1531-D: (ULP 5.2) Detected floating point operation(s). Recommend moving them to RAM during run time or not using as these are processing/power intensive
'Finished building: "C:/Users/R240019/Downloads/SC2107_HARI_2310/SC2107_HARI/SC2107_HARI/endoflab1 (2)/endoflab1/RSLK-Max-CE2007Labs-students-01062022/CE2007/inc/Motor.c"'
 
'Building target: "BUMP_AVOIDANCE.out"'
'Invoking: MSP432 Linker'
"C:/ti/ccsv7/tools/compiler/ti-cgt-arm_16.9.6.LTS/bin/armcl" -mv7M4 --code_state=16 --float_support=FPv4SPD16 -me --advice:power=all --define=__MSP432P401R__ --define=ccs -g --c99 --gcc --diag_warning=225 --diag_wrap=off --display_error_number --abi=eabi -z -m"BUMP_AVOIDANCE.map" --heap_size=1024 --stack_size=512 -i"C:/ti/ccsv7/ccs_base/arm/include" -i"C:/ti/ccsv7/tools/compiler/ti-cgt-arm_16.9.6.LTS/lib" -i"C:/ti/ccsv7/tools/compiler/ti-cgt-arm_16.9.6.LTS/include" --reread_libs --diag_wrap=off --display_error_number --warn_sections --xml_link_info="BUMP_AVOIDANCE_linkInfo.xml" --rom_model -o "BUMP_AVOIDANCE.out" "./Bump.obj" "./Clock.obj" "./CortexM.obj" "./LaunchPad.obj" "./Motor.obj" "./PWM.obj" "./Reflectance.obj" "./TExaS.obj" "./Tachometer.obj" "./TimerA1.obj" "./bumpAvoidMain.obj" "./startup_msp432p401r_ccs.obj" "./system_msp432p401r.obj" "../msp432p401r.cmd"  -llibc.a 
<Linking>
remark #10371-D: (ULP 1.1) Detected no uses of low power mode state changing instructions
remark #10372-D: (ULP 4.1) Detected uninitialized Port 1 in this project. Recommend initializing all unused ports to eliminate wasted current consumption on unused pins.
remark #10372-D: (ULP 4.1) Detected uninitialized Port 2 in this project. Recommend initializing all unused ports to eliminate wasted current consumption on unused pins.
remark #10372-D: (ULP 4.1) Detected uninitialized Port 3 in this project. Recommend initializing all unused ports to eliminate wasted current consumption on unused pins.
remark #10372-D: (ULP 4.1) Detected uninitialized Port 4 in this project. Recommend initializing all unused ports to eliminate wasted current consumption on unused pins.
remark #10372-D: (ULP 4.1) Detected uninitialized Port 5 in this project. Recommend initializing all unused ports to eliminate wasted current consumption on unused pins.
remark #10372-D: (ULP 4.1) Detected uninitialized Port 6 in this project. Recommend initializing all unused ports to eliminate wasted current consumption on unused pins.
remark #10372-D: (ULP 4.1) Detected uninitialized Port 7 in this project. Recommend initializing all unused ports to eliminate wasted current consumption on unused pins.
remark #10372-D: (ULP 4.1) Detected uninitialized Port 8 in this project. Recommend initializing all unused ports to eliminate wasted current consumption on unused pins.
remark #10372-D: (ULP 4.1) Detected uninitialized Port 9 in this project. Recommend initializing all unused ports to eliminate wasted current consumption on unused pins.
remark #10372-D: (ULP 4.1) Detected uninitialized Port 10 in this project. Recommend initializing all unused ports to eliminate wasted current consumption on unused pins.
'Finished building target: "BUMP_AVOIDANCE.out"'
 

**** Build Finished ****
